2026-05-09 11:35:09 [error]: MongoDB connection failed: connect ECONNREFUSED ::1:27017, connect ECONNREFUSED 127.0.0.1:27017
2026-05-09 11:44:46 [error]: MongoDB connection failed: connect ECONNREFUSED ::1:27017, connect ECONNREFUSED 127.0.0.1:27017
2026-05-09 11:48:23 [error]: MongoDB connection failed: bad auth : authentication failed
2026-05-09 11:51:53 [error]: Error: Invalid email or password
    at Module.loginUser (file:///C:/Users/chait/Desktop/blood-ambulance-system/blood-ambulance-backend/src/services/authService.js:33:17)
    at process.processTicksAndRejections (node:internal/process/task_queues:103:5)
    at async file:///C:/Users/chait/Desktop/blood-ambulance-system/blood-ambulance-backend/src/controllers/auth.controller.js:24:18
2026-05-09 11:52:06 [error]: Error: Invalid email or password
    at Module.loginUser (file:///C:/Users/chait/Desktop/blood-ambulance-system/blood-ambulance-backend/src/services/authService.js:33:17)
    at process.processTicksAndRejections (node:internal/process/task_queues:103:5)
    at async file:///C:/Users/chait/Desktop/blood-ambulance-system/blood-ambulance-backend/src/controllers/auth.controller.js:24:18
2026-05-09 11:52:27 [error]: Error: Invalid email or password
    at Module.loginUser (file:///C:/Users/chait/Desktop/blood-ambulance-system/blood-ambulance-backend/src/services/authService.js:33:17)
    at process.processTicksAndRejections (node:internal/process/task_queues:103:5)
    at async file:///C:/Users/chait/Desktop/blood-ambulance-system/blood-ambulance-backend/src/controllers/auth.controller.js:24:18
2026-05-09 11:55:20 [error]: Error: Invalid email or password
    at Module.loginUser (file:///C:/Users/chait/Desktop/blood-ambulance-system/blood-ambulance-backend/src/services/authService.js:33:17)
    at process.processTicksAndRejections (node:internal/process/task_queues:103:5)
    at async file:///C:/Users/chait/Desktop/blood-ambulance-system/blood-ambulance-backend/src/controllers/auth.controller.js:24:18
2026-05-09 11:55:52 [error]: Email send failed: Invalid login: 535-5.7.8 Username and Password not accepted. For more information, go to
535 5.7.8  https://support.google.com/mail/?p=BadCredentials d2e1a72fcca58-83965a3e3ecsm14538950b3a.19 - gsmtp
2026-05-09 11:55:55 [error]: Error: Email already registered
    at Module.registerUser (file:///C:/Users/chait/Desktop/blood-ambulance-system/blood-ambulance-backend/src/services/authService.js:10:17)
    at process.processTicksAndRejections (node:internal/process/task_queues:103:5)
    at async file:///C:/Users/chait/Desktop/blood-ambulance-system/blood-ambulance-backend/src/controllers/auth.controller.js:14:18
